# JRE version: Java(TM) SE Runtime Environment (17.0.12+8) (build 17.0.12+8-LTS-286)
# Java VM: Java HotSpot(TM) 64-Bit Server VM (17.0.12+8-LTS-286, mixed mode, sharing, tiered, compressed oops, compressed class ptrs, g1 gc, windows-amd64)
GC Precious Log:
 CPUs: 12 total, 12 available
 Memory: 16251M
 Large Page Support: Disabled
 NUMA Support: Disabled
 Compressed Oops: Enabled (32-bit)
 Heap Region Size: 1M
 Heap Min Capacity: 256M
 Heap Initial Capacity: 256M
 Heap Max Capacity: 512M
 Pre-touch: Disabled
 Parallel Workers: 10
 Concurrent Workers: 3
 Concurrent Refinement Workers: 10
 Periodic GC: Disabled
Heap:
 garbage-first heap   total 262144K, used 199119K [0x00000000e0000000, 0x0000000100000000)
  region size 1024K, 17 young (17408K), 2 survivors (2048K)
 Metaspace       used 151089K, committed 152832K, reserved 524288K
  class space    used 19771K, committed 20608K, reserved 327680K
GC Heap History (20 events):
Event: 13651.941 GC heap before
{Heap before GC invocations=47 (full 0):
 garbage-first heap   total 262144K, used 218614K [0x00000000e0000000, 0x0000000100000000)
  region size 1024K, 43 young (44032K), 5 survivors (5120K)
 Metaspace       used 149786K, committed 151424K, reserved 524288K
  class space    used 19708K, committed 20480K, reserved 327680K
}
Event: 13652.122 GC heap after
{Heap after GC invocations=48 (full 0):
 garbage-first heap   total 262144K, used 181800K [0x00000000e0000000, 0x0000000100000000)
  region size 1024K, 2 young (2048K), 2 survivors (2048K)
 Metaspace       used 149786K, committed 151424K, reserved 524288K
  class space    used 19708K, committed 20480K, reserved 327680K
}
Event: 15673.018 GC heap before
{Heap before GC invocations=48 (full 0):
 garbage-first heap   total 262144K, used 221736K [0x00000000e0000000, 0x0000000100000000)
  region size 1024K, 41 young (41984K), 2 survivors (2048K)
 Metaspace       used 149786K, committed 151424K, reserved 524288K
  class space    used 19708K, committed 20480K, reserved 327680K
}
Event: 15673.458 GC heap after
{Heap after GC invocations=49 (full 0):
 garbage-first heap   total 262144K, used 181517K [0x00000000e0000000, 0x0000000100000000)
  region size 1024K, 1 young (1024K), 1 survivors (1024K)
 Metaspace       used 149786K, committed 151424K, reserved 524288K
  class space    used 19708K, committed 20480K, reserved 327680K
}
Event: 15907.845 GC heap before
{Heap before GC invocations=49 (full 0):
 garbage-first heap   total 262144K, used 192781K [0x00000000e0000000, 0x0000000100000000)
  region size 1024K, 12 young (12288K), 1 survivors (1024K)
 Metaspace       used 149854K, committed 151488K, reserved 524288K
  class space    used 19713K, committed 20480K, reserved 327680K
}
Event: 15907.886 GC heap after
{Heap after GC invocations=50 (full 0):
 garbage-first heap   total 262144K, used 183042K [0x00000000e0000000, 0x0000000100000000)
  region size 1024K, 2 young (2048K), 2 survivors (2048K)
 Metaspace       used 149854K, committed 151488K, reserved 524288K
  class space    used 19713K, committed 20480K, reserved 327680K
}
Event: 15908.763 GC heap before
{Heap before GC invocations=50 (full 0):
 garbage-first heap   total 262144K, used 193282K [0x00000000e0000000, 0x0000000100000000)
  region size 1024K, 12 young (12288K), 2 survivors (2048K)
 Metaspace       used 150022K, committed 151744K, reserved 524288K
  class space    used 19723K, committed 20544K, reserved 327680K
}
Event: 15908.779 GC heap after
{Heap after GC invocations=51 (full 0):
 garbage-first heap   total 262144K, used 184261K [0x00000000e0000000, 0x0000000100000000)
  region size 1024K, 2 young (2048K), 2 survivors (2048K)
 Metaspace       used 150022K, committed 151744K, reserved 524288K
  class space    used 19723K, committed 20544K, reserved 327680K
}
Event: 15910.442 GC heap before
{Heap before GC invocations=51 (full 0):
 garbage-first heap   total 262144K, used 222149K [0x00000000e0000000, 0x0000000100000000)
  region size 1024K, 40 young (40960K), 2 survivors (2048K)
 Metaspace       used 150373K, committed 152000K, reserved 524288K
  class space    used 19757K, committed 20544K, reserved 327680K
}
Event: 15910.466 GC heap after
{Heap after GC invocations=52 (full 0):
 garbage-first heap   total 262144K, used 187382K [0x00000000e0000000, 0x0000000100000000)
  region size 1024K, 5 young (5120K), 5 survivors (5120K)
 Metaspace       used 150373K, committed 152000K, reserved 524288K
  class space    used 19757K, committed 20544K, reserved 327680K
}
Event: 15962.733 GC heap before
{Heap before GC invocations=52 (full 0):
 garbage-first heap   total 262144K, used 223222K [0x00000000e0000000, 0x0000000100000000)
  region size 1024K, 40 young (40960K), 5 survivors (5120K)
 Metaspace       used 150573K, committed 152320K, reserved 524288K
  class space    used 19767K, committed 20608K, reserved 327680K
}
Event: 15962.756 GC heap after
{Heap after GC invocations=53 (full 0):
 garbage-first heap   total 262144K, used 186033K [0x00000000e0000000, 0x0000000100000000)
  region size 1024K, 2 young (2048K), 2 survivors (2048K)
 Metaspace       used 150573K, committed 152320K, reserved 524288K
  class space    used 19767K, committed 20608K, reserved 327680K
}
Event: 16687.779 GC heap before
{Heap before GC invocations=53 (full 0):
 garbage-first heap   total 262144K, used 222897K [0x00000000e0000000, 0x0000000100000000)
  region size 1024K, 39 young (39936K), 2 survivors (2048K)
 Metaspace       used 150624K, committed 152384K, reserved 524288K
  class space    used 19769K, committed 20608K, reserved 327680K
}
Event: 16687.808 GC heap after
{Heap after GC invocations=54 (full 0):
 garbage-first heap   total 262144K, used 185872K [0x00000000e0000000, 0x0000000100000000)
  region size 1024K, 2 young (2048K), 2 survivors (2048K)
 Metaspace       used 150624K, committed 152384K, reserved 524288K
  class space    used 19769K, committed 20608K, reserved 327680K
}
Event: 16717.748 GC heap before
{Heap before GC invocations=54 (full 0):
 garbage-first heap   total 262144K, used 223760K [0x00000000e0000000, 0x0000000100000000)
  region size 1024K, 40 young (40960K), 2 survivors (2048K)
 Metaspace       used 150811K, committed 152512K, reserved 524288K
  class space    used 19770K, committed 20608K, reserved 327680K
}
Event: 16717.753 GC heap after
{Heap after GC invocations=55 (full 0):
 garbage-first heap   total 262144K, used 185818K [0x00000000e0000000, 0x0000000100000000)
  region size 1024K, 2 young (2048K), 2 survivors (2048K)
 Metaspace       used 150811K, committed 152512K, reserved 524288K
  class space    used 19770K, committed 20608K, reserved 327680K
}
Event: 16802.667 GC heap before
{Heap before GC invocations=55 (full 0):
 garbage-first heap   total 262144K, used 224730K [0x00000000e0000000, 0x0000000100000000)
  region size 1024K, 41 young (41984K), 2 survivors (2048K)
 Metaspace       used 150929K, committed 152640K, reserved 524288K
  class space    used 19770K, committed 20608K, reserved 327680K
}
Event: 16802.909 GC heap after
{Heap after GC invocations=56 (full 0):
 garbage-first heap   total 262144K, used 184905K [0x00000000e0000000, 0x0000000100000000)
  region size 1024K, 1 young (1024K), 1 survivors (1024K)
 Metaspace       used 150929K, committed 152640K, reserved 524288K
  class space    used 19770K, committed 20608K, reserved 327680K
}
Event: 17559.514 GC heap before
{Heap before GC invocations=56 (full 0):
 garbage-first heap   total 262144K, used 227913K [0x00000000e0000000, 0x0000000100000000)
  region size 1024K, 43 young (44032K), 1 survivors (1024K)
 Metaspace       used 150968K, committed 152704K, reserved 524288K
  class space    used 19771K, committed 20608K, reserved 327680K
}
Event: 17559.591 GC heap after
{Heap after GC invocations=57 (full 0):
 garbage-first heap   total 262144K, used 185807K [0x00000000e0000000, 0x0000000100000000)
  region size 1024K, 2 young (2048K), 2 survivors (2048K)
 Metaspace       used 150968K, committed 152704K, reserved 524288K
  class space    used 19771K, committed 20608K, reserved 327680K
}

